
Running DEPhT with existing 'Pseudomonas' model.

/home/adw7050/.conda/envs/depht/lib/python3.10/site-packages/Bio/SeqIO/InsdcIO.py:727: BiopythonWarning: Increasing length of locus line to allow long name. This will result in fields that are not in usual positions.
  warnings.warn(
/home/adw7050/.conda/envs/depht/lib/python3.10/site-packages/Bio/SeqIO/InsdcIO.py:727: BiopythonWarning: Increasing length of locus line to allow long name. This will result in fields that are not in usual positions.
  warnings.warn(
/home/adw7050/.conda/envs/depht/lib/python3.10/site-packages/Bio/SeqIO/InsdcIO.py:727: BiopythonWarning: Increasing length of locus line to allow long name. This will result in fields that are not in usual positions.
  warnings.warn(
/home/adw7050/.conda/envs/depht/lib/python3.10/site-packages/Bio/SeqIO/InsdcIO.py:727: BiopythonWarning: Increasing length of locus line to allow long name. This will result in fields that are not in usual positions.
  warnings.warn(
/home/adw7050/.conda/envs/depht/lib/python3.10/site-packages/Bio/SeqIO/InsdcIO.py:727: BiopythonWarning: Increasing length of locus line to allow long name. This will result in fields that are not in usual positions.
  warnings.warn(
/home/adw7050/.conda/envs/depht/lib/python3.10/site-packages/Bio/SeqIO/InsdcIO.py:727: BiopythonWarning: Increasing length of locus line to allow long name. This will result in fields that are not in usual positions.
  warnings.warn(
/home/adw7050/.conda/envs/depht/lib/python3.10/site-packages/Bio/SeqIO/InsdcIO.py:727: BiopythonWarning: Increasing length of locus line to allow long name. This will result in fields that are not in usual positions.
  warnings.warn(
/home/adw7050/.conda/envs/depht/lib/python3.10/site-packages/Bio/SeqIO/InsdcIO.py:727: BiopythonWarning: Increasing length of locus line to allow long name. This will result in fields that are not in usual positions.
  warnings.warn(
no complete prophages found in '../genome_data/pseudomonas/1045-IPA-05/1045-IPA-05.fna'...
no complete prophages found in '../genome_data/pseudomonas/1045-IPA-07/1045-IPA-07.fna'...
no complete prophages found in '../genome_data/pseudomonas/1049-IPA-10/1049-IPA-10.fna'...
no complete prophages found in '../genome_data/pseudomonas/1049-IPA-14/1049-IPA-14.fna'...
no complete prophages found in '../genome_data/pseudomonas/1049-IPA-40/1049-IPA-40.fna'...
no complete prophages found in '../genome_data/pseudomonas/1049-PAI-00/1049-PAI-00.fna'...
no complete prophages found in '../genome_data/pseudomonas/1054-IPA-00/1054-IPA-00.fna'...
no complete prophages found in '../genome_data/pseudomonas/1060-IPA-00/1060-IPA-00.fna'...
no complete prophages found in '../genome_data/pseudomonas/1060-IPA-03/1060-IPA-03.fna'...
no complete prophages found in '../genome_data/pseudomonas/1060-PA1-02/1060-PA1-02.fna'...
no complete prophages found in '../genome_data/pseudomonas/1060-PA2-04/1060-PA2-04.fna'...
no complete prophages found in '../genome_data/pseudomonas/1060-PA3-06/1060-PA3-06.fna'...
no complete prophages found in '../genome_data/pseudomonas/1060-PA4-06/1060-PA4-06.fna'...
no complete prophages found in '../genome_data/pseudomonas/1066-IPA-00/1066-IPA-00.fna'...
/home/adw7050/.conda/envs/depht/lib/python3.10/site-packages/Bio/SeqIO/InsdcIO.py:727: BiopythonWarning: Increasing length of locus line to allow long name. This will result in fields that are not in usual positions.
  warnings.warn(
/home/adw7050/.conda/envs/depht/lib/python3.10/site-packages/Bio/SeqIO/InsdcIO.py:727: BiopythonWarning: Increasing length of locus line to allow long name. This will result in fields that are not in usual positions.
  warnings.warn(
/home/adw7050/.conda/envs/depht/lib/python3.10/site-packages/Bio/SeqIO/InsdcIO.py:727: BiopythonWarning: Increasing length of locus line to allow long name. This will result in fields that are not in usual positions.
  warnings.warn(
no complete prophages found in '../genome_data/pseudomonas/1121-IPA-15-a/1121-IPA-15-a.fna'...
no complete prophages found in '../genome_data/pseudomonas/1134-IPA-14-a/1134-IPA-14-a.fna'...
/home/adw7050/.conda/envs/depht/lib/python3.10/site-packages/Bio/SeqIO/InsdcIO.py:727: BiopythonWarning: Increasing length of locus line to allow long name. This will result in fields that are not in usual positions.
  warnings.warn(
/home/adw7050/.conda/envs/depht/lib/python3.10/site-packages/Bio/SeqIO/InsdcIO.py:727: BiopythonWarning: Increasing length of locus line to allow long name. This will result in fields that are not in usual positions.
  warnings.warn(
no complete prophages found in '../genome_data/pseudomonas/1170-IPA0-00-a/1170-IPA0-00-a.fna'...
/home/adw7050/.conda/envs/depht/lib/python3.10/site-packages/Bio/SeqIO/InsdcIO.py:727: BiopythonWarning: Increasing length of locus line to allow long name. This will result in fields that are not in usual positions.
  warnings.warn(
/home/adw7050/.conda/envs/depht/lib/python3.10/site-packages/Bio/SeqIO/InsdcIO.py:727: BiopythonWarning: Increasing length of locus line to allow long name. This will result in fields that are not in usual positions.
  warnings.warn(
no complete prophages found in '../genome_data/pseudomonas/1204-PPA0-00/1204-PPA0-00.fna'...
/home/adw7050/.conda/envs/depht/lib/python3.10/site-packages/Bio/SeqIO/InsdcIO.py:727: BiopythonWarning: Increasing length of locus line to allow long name. This will result in fields that are not in usual positions.
  warnings.warn(
/home/adw7050/.conda/envs/depht/lib/python3.10/site-packages/Bio/SeqIO/InsdcIO.py:727: BiopythonWarning: Increasing length of locus line to allow long name. This will result in fields that are not in usual positions.
  warnings.warn(
/home/adw7050/.conda/envs/depht/lib/python3.10/site-packages/Bio/SeqIO/InsdcIO.py:727: BiopythonWarning: Increasing length of locus line to allow long name. This will result in fields that are not in usual positions.
  warnings.warn(
no complete prophages found in '../genome_data/pseudomonas/1213-IPA0-00/1213-IPA0-00.fna'...
no complete prophages found in '../genome_data/pseudomonas/1230-IPA0-24/1230-IPA0-24.fna'...
no complete prophages found in '../genome_data/pseudomonas/1231-IPA0-00/1231-IPA0-00.fna'...
no complete prophages found in '../genome_data/pseudomonas/1241-IPA0-00-1/1241-IPA0-00-1.fna'...
/home/adw7050/.conda/envs/depht/lib/python3.10/site-packages/Bio/SeqIO/InsdcIO.py:727: BiopythonWarning: Increasing length of locus line to allow long name. This will result in fields that are not in usual positions.
  warnings.warn(
/home/adw7050/.conda/envs/depht/lib/python3.10/site-packages/Bio/SeqIO/InsdcIO.py:727: BiopythonWarning: Increasing length of locus line to allow long name. This will result in fields that are not in usual positions.
  warnings.warn(
/home/adw7050/.conda/envs/depht/lib/python3.10/site-packages/Bio/SeqIO/InsdcIO.py:727: BiopythonWarning: Increasing length of locus line to allow long name. This will result in fields that are not in usual positions.
  warnings.warn(
/home/adw7050/.conda/envs/depht/lib/python3.10/site-packages/Bio/SeqIO/InsdcIO.py:727: BiopythonWarning: Increasing length of locus line to allow long name. This will result in fields that are not in usual positions.
  warnings.warn(
no complete prophages found in '../genome_data/pseudomonas/1251-IPA0-17/1251-IPA0-17.fna'...
no complete prophages found in '../genome_data/pseudomonas/1251-IPA0-22/1251-IPA0-22.fna'...
/home/adw7050/.conda/envs/depht/lib/python3.10/site-packages/Bio/SeqIO/InsdcIO.py:727: BiopythonWarning: Increasing length of locus line to allow long name. This will result in fields that are not in usual positions.
  warnings.warn(
/home/adw7050/.conda/envs/depht/lib/python3.10/site-packages/Bio/SeqIO/InsdcIO.py:727: BiopythonWarning: Increasing length of locus line to allow long name. This will result in fields that are not in usual positions.
  warnings.warn(
/home/adw7050/.conda/envs/depht/lib/python3.10/site-packages/Bio/SeqIO/InsdcIO.py:727: BiopythonWarning: Increasing length of locus line to allow long name. This will result in fields that are not in usual positions.
  warnings.warn(
/home/adw7050/.conda/envs/depht/lib/python3.10/site-packages/Bio/SeqIO/InsdcIO.py:727: BiopythonWarning: Increasing length of locus line to allow long name. This will result in fields that are not in usual positions.
  warnings.warn(
no complete prophages found in '../genome_data/pseudomonas/1270-IPA0-16/1270-IPA0-16.fna'...
no complete prophages found in '../genome_data/pseudomonas/1270-IPA0-24/1270-IPA0-24.fna'...
no complete prophages found in '../genome_data/pseudomonas/1270-IPA1-24/1270-IPA1-24.fna'...
no complete prophages found in '../genome_data/pseudomonas/1270-IPA2-34/1270-IPA2-34.fna'...
no complete prophages found in '../genome_data/pseudomonas/1296-IPA0-21/1296-IPA0-21.fna'...
no complete prophages found in '../genome_data/pseudomonas/1296-IPA0-26/1296-IPA0-26.fna'...
no complete prophages found in '../genome_data/pseudomonas/1296-IPA0-32/1296-IPA0-32.fna'...
no complete prophages found in '../genome_data/pseudomonas/1296-IPA1-26/1296-IPA1-26.fna'...
/home/adw7050/.conda/envs/depht/lib/python3.10/site-packages/Bio/SeqIO/InsdcIO.py:727: BiopythonWarning: Increasing length of locus line to allow long name. This will result in fields that are not in usual positions.
  warnings.warn(
no complete prophages found in '../genome_data/pseudomonas/1304-IPA0-26/1304-IPA0-26.fna'...
no complete prophages found in '../genome_data/pseudomonas/1304-IPA1-26/1304-IPA1-26.fna'...
/home/adw7050/.conda/envs/depht/lib/python3.10/site-packages/Bio/SeqIO/InsdcIO.py:727: BiopythonWarning: Increasing length of locus line to allow long name. This will result in fields that are not in usual positions.
  warnings.warn(
/home/adw7050/.conda/envs/depht/lib/python3.10/site-packages/Bio/SeqIO/InsdcIO.py:727: BiopythonWarning: Increasing length of locus line to allow long name. This will result in fields that are not in usual positions.
  warnings.warn(
/home/adw7050/.conda/envs/depht/lib/python3.10/site-packages/Bio/SeqIO/InsdcIO.py:727: BiopythonWarning: Increasing length of locus line to allow long name. This will result in fields that are not in usual positions.
  warnings.warn(
/home/adw7050/.conda/envs/depht/lib/python3.10/site-packages/Bio/SeqIO/InsdcIO.py:727: BiopythonWarning: Increasing length of locus line to allow long name. This will result in fields that are not in usual positions.
  warnings.warn(
no complete prophages found in '../genome_data/pseudomonas/1321-IPA0-00/1321-IPA0-00.fna'...
no complete prophages found in '../genome_data/pseudomonas/1324-IPAB-21/1324-IPAB-21.fna'...
/home/adw7050/.conda/envs/depht/lib/python3.10/site-packages/Bio/SeqIO/InsdcIO.py:727: BiopythonWarning: Increasing length of locus line to allow long name. This will result in fields that are not in usual positions.
  warnings.warn(
no complete prophages found in '../genome_data/pseudomonas/1329-IPA0-28/1329-IPA0-28.fna'...
no complete prophages found in '../genome_data/pseudomonas/1329-IPA0-33/1329-IPA0-33.fna'...
no complete prophages found in '../genome_data/pseudomonas/1329-IPA0-35/1329-IPA0-35.fna'...
/home/adw7050/.conda/envs/depht/lib/python3.10/site-packages/Bio/SeqIO/InsdcIO.py:727: BiopythonWarning: Increasing length of locus line to allow long name. This will result in fields that are not in usual positions.
  warnings.warn(
/home/adw7050/.conda/envs/depht/lib/python3.10/site-packages/Bio/SeqIO/InsdcIO.py:727: BiopythonWarning: Increasing length of locus line to allow long name. This will result in fields that are not in usual positions.
  warnings.warn(
no complete prophages found in '../genome_data/pseudomonas/1329-IPA0-53/1329-IPA0-53.fna'...
/home/adw7050/.conda/envs/depht/lib/python3.10/site-packages/Bio/SeqIO/InsdcIO.py:727: BiopythonWarning: Increasing length of locus line to allow long name. This will result in fields that are not in usual positions.
  warnings.warn(
no complete prophages found in '../genome_data/pseudomonas/1329-IPA1-35/1329-IPA1-35.fna'...
/home/adw7050/.conda/envs/depht/lib/python3.10/site-packages/Bio/SeqIO/InsdcIO.py:727: BiopythonWarning: Increasing length of locus line to allow long name. This will result in fields that are not in usual positions.
  warnings.warn(
no complete prophages found in '../genome_data/pseudomonas/1329-IPA1-44/1329-IPA1-44.fna'...
/home/adw7050/.conda/envs/depht/lib/python3.10/site-packages/Bio/SeqIO/InsdcIO.py:727: BiopythonWarning: Increasing length of locus line to allow long name. This will result in fields that are not in usual positions.
  warnings.warn(
no complete prophages found in '../genome_data/pseudomonas/1329-IPA2-53/1329-IPA2-53.fna'...
/home/adw7050/.conda/envs/depht/lib/python3.10/site-packages/Bio/SeqIO/InsdcIO.py:727: BiopythonWarning: Increasing length of locus line to allow long name. This will result in fields that are not in usual positions.
  warnings.warn(
no complete prophages found in '../genome_data/pseudomonas/1329-IPA4-28/1329-IPA4-28.fna'...
/home/adw7050/.conda/envs/depht/lib/python3.10/site-packages/Bio/SeqIO/InsdcIO.py:727: BiopythonWarning: Increasing length of locus line to allow long name. This will result in fields that are not in usual positions.
  warnings.warn(
/home/adw7050/.conda/envs/depht/lib/python3.10/site-packages/Bio/SeqIO/InsdcIO.py:727: BiopythonWarning: Increasing length of locus line to allow long name. This will result in fields that are not in usual positions.
  warnings.warn(
/home/adw7050/.conda/envs/depht/lib/python3.10/site-packages/Bio/SeqIO/InsdcIO.py:727: BiopythonWarning: Increasing length of locus line to allow long name. This will result in fields that are not in usual positions.
  warnings.warn(
/home/adw7050/.conda/envs/depht/lib/python3.10/site-packages/Bio/SeqIO/InsdcIO.py:727: BiopythonWarning: Increasing length of locus line to allow long name. This will result in fields that are not in usual positions.
  warnings.warn(
/home/adw7050/.conda/envs/depht/lib/python3.10/site-packages/Bio/SeqIO/InsdcIO.py:727: BiopythonWarning: Increasing length of locus line to allow long name. This will result in fields that are not in usual positions.
  warnings.warn(
no complete prophages found in '../genome_data/pseudomonas/1347-IPA0-07/1347-IPA0-07.fna'...
no complete prophages found in '../genome_data/pseudomonas/1355-IPA0-00/1355-IPA0-00.fna'...
no complete prophages found in '../genome_data/pseudomonas/1355-IPA0-07/1355-IPA0-07.fna'...
no complete prophages found in '../genome_data/pseudomonas/1355-IPA0-23/1355-IPA0-23.fna'...
/home/adw7050/.conda/envs/depht/lib/python3.10/site-packages/Bio/SeqIO/InsdcIO.py:727: BiopythonWarning: Increasing length of locus line to allow long name. This will result in fields that are not in usual positions.
  warnings.warn(
/home/adw7050/.conda/envs/depht/lib/python3.10/site-packages/Bio/SeqIO/InsdcIO.py:727: BiopythonWarning: Increasing length of locus line to allow long name. This will result in fields that are not in usual positions.
  warnings.warn(
/home/adw7050/.conda/envs/depht/lib/python3.10/site-packages/Bio/SeqIO/InsdcIO.py:727: BiopythonWarning: Increasing length of locus line to allow long name. This will result in fields that are not in usual positions.
  warnings.warn(
no complete prophages found in '../genome_data/pseudomonas/1375-IPA0-43/1375-IPA0-43.fna'...
no complete prophages found in '../genome_data/pseudomonas/1387-IPA0-00/1387-IPA0-00.fna'...
no complete prophages found in '../genome_data/pseudomonas/1394-IPA0-00/1394-IPA0-00.fna'...
/home/adw7050/.conda/envs/depht/lib/python3.10/site-packages/Bio/SeqIO/InsdcIO.py:727: BiopythonWarning: Increasing length of locus line to allow long name. This will result in fields that are not in usual positions.
  warnings.warn(
/home/adw7050/.conda/envs/depht/lib/python3.10/site-packages/Bio/SeqIO/InsdcIO.py:727: BiopythonWarning: Increasing length of locus line to allow long name. This will result in fields that are not in usual positions.
  warnings.warn(
no complete prophages found in '../genome_data/pseudomonas/1416-IPA0-21/1416-IPA0-21.fna'...
no complete prophages found in '../genome_data/pseudomonas/1431-IPA0-00/1431-IPA0-00.fna'...
no complete prophages found in '../genome_data/pseudomonas/1431-IPA0-06/1431-IPA0-06.fna'...
/home/adw7050/.conda/envs/depht/lib/python3.10/site-packages/Bio/SeqIO/InsdcIO.py:727: BiopythonWarning: Increasing length of locus line to allow long name. This will result in fields that are not in usual positions.
  warnings.warn(
/home/adw7050/.conda/envs/depht/lib/python3.10/site-packages/Bio/SeqIO/InsdcIO.py:727: BiopythonWarning: Increasing length of locus line to allow long name. This will result in fields that are not in usual positions.
  warnings.warn(
/home/adw7050/.conda/envs/depht/lib/python3.10/site-packages/Bio/SeqIO/InsdcIO.py:727: BiopythonWarning: Increasing length of locus line to allow long name. This will result in fields that are not in usual positions.
  warnings.warn(
/home/adw7050/.conda/envs/depht/lib/python3.10/site-packages/Bio/SeqIO/InsdcIO.py:727: BiopythonWarning: Increasing length of locus line to allow long name. This will result in fields that are not in usual positions.
  warnings.warn(
/home/adw7050/.conda/envs/depht/lib/python3.10/site-packages/Bio/SeqIO/InsdcIO.py:727: BiopythonWarning: Increasing length of locus line to allow long name. This will result in fields that are not in usual positions.
  warnings.warn(
/home/adw7050/.conda/envs/depht/lib/python3.10/site-packages/Bio/SeqIO/InsdcIO.py:727: BiopythonWarning: Increasing length of locus line to allow long name. This will result in fields that are not in usual positions.
  warnings.warn(
slurmstepd: error: *** JOB 2990176 ON qnode0390 CANCELLED AT 2024-02-11T14:36:38 DUE TO TIME LIMIT ***
